time="2020-05-20T01:00:55.820821+07:00" level=error msg="pq: syntax error at or near \"VALUE\"" file=/Users/hoangminh/Documents/Golang/backend-github-trending/repository/repo_impl/user_repo_impl.go line=35
time="2020-05-20T01:01:35.412409+07:00" level=error msg="pq: syntax error at or near \"VALUE\"" file=/Users/hoangminh/Documents/Golang/backend-github-trending/repository/repo_impl/user_repo_impl.go line=35
time="2020-05-20T01:01:52.232485+07:00" level=error msg="code=400, message=Syntax error: offset=86, error=invalid character '}' looking for beginning of object key string, internal=invalid character '}' looking for beginning of object key string" file=/Users/hoangminh/Documents/Golang/backend-github-trending/handler/user_handler.go line=22
time="2020-05-20T01:02:42.235027+07:00" level=error msg="pq: syntax error at or near \"VALUE\"" file=/Users/hoangminh/Documents/Golang/backend-github-trending/repository/repo_impl/user_repo_impl.go line=35
time="2020-05-20T01:04:45.199778+07:00" level=error msg="pq: syntax error at or near \"VALUE\"" file=/Users/hoangminh/Documents/Golang/backend-github-trending/repository/repo_impl/user_repo_impl.go line=35
time="2020-05-20T01:06:45.574722+07:00" level=error msg="pq: syntax error at or near \"VALUE\"" file=/Users/hoangminh/Documents/Golang/backend-github-trending/repository/repo_impl/user_repo_impl.go line=35
time="2020-05-20T01:06:47.105379+07:00" level=error msg="pq: syntax error at or near \"VALUE\"" file=/Users/hoangminh/Documents/Golang/backend-github-trending/repository/repo_impl/user_repo_impl.go line=35
time="2020-05-20T01:06:48.100863+07:00" level=error msg="pq: syntax error at or near \"VALUE\"" file=/Users/hoangminh/Documents/Golang/backend-github-trending/repository/repo_impl/user_repo_impl.go line=35
time="2020-05-20T01:07:02.335349+07:00" level=error msg="pq: syntax error at or near \"VALUE\"" file=/Users/hoangminh/Documents/Golang/backend-github-trending/repository/repo_impl/user_repo_impl.go line=35
time="2020-05-20T01:07:03.527494+07:00" level=error msg="pq: syntax error at or near \"VALUE\"" file=/Users/hoangminh/Documents/Golang/backend-github-trending/repository/repo_impl/user_repo_impl.go line=35
time="2020-05-20T01:07:04.27879+07:00" level=error msg="pq: syntax error at or near \"VALUE\"" file=/Users/hoangminh/Documents/Golang/backend-github-trending/repository/repo_impl/user_repo_impl.go line=35
time="2020-05-20T01:10:06.374029+07:00" level=error msg="pq: column \"full_name\" specified more than once" file=/Users/hoangminh/Documents/Golang/backend-github-trending/repository/repo_impl/user_repo_impl.go line=35
time="2020-05-20T01:10:07.618735+07:00" level=error msg="pq: column \"full_name\" specified more than once" file=/Users/hoangminh/Documents/Golang/backend-github-trending/repository/repo_impl/user_repo_impl.go line=35
time="2020-05-20T01:10:08.43525+07:00" level=error msg="pq: column \"full_name\" specified more than once" file=/Users/hoangminh/Documents/Golang/backend-github-trending/repository/repo_impl/user_repo_impl.go line=35
time="2020-05-20T01:10:09.739358+07:00" level=error msg="pq: column \"full_name\" specified more than once" file=/Users/hoangminh/Documents/Golang/backend-github-trending/repository/repo_impl/user_repo_impl.go line=35
time="2020-05-20T01:10:13.133071+07:00" level=error msg="pq: column \"full_name\" specified more than once" file=/Users/hoangminh/Documents/Golang/backend-github-trending/repository/repo_impl/user_repo_impl.go line=35
time="2020-05-20T01:10:13.854867+07:00" level=error msg="pq: column \"full_name\" specified more than once" file=/Users/hoangminh/Documents/Golang/backend-github-trending/repository/repo_impl/user_repo_impl.go line=35
time="2020-05-20T01:13:43.317187+07:00" level=error msg="pq: duplicate key value violates unique constraint \"users_pkey\"" file=/Users/hoangminh/Documents/Golang/backend-github-trending/repository/repo_impl/user_repo_impl.go line=35
time="2020-05-20T01:13:46.014367+07:00" level=error msg="pq: duplicate key value violates unique constraint \"users_pkey\"" file=/Users/hoangminh/Documents/Golang/backend-github-trending/repository/repo_impl/user_repo_impl.go line=35
time="2020-05-20T01:16:11.291173+07:00" level=error msg="pq: duplicate key value violates unique constraint \"users_pkey\"" file=/Users/hoangminh/Documents/Golang/backend-github-trending/repository/repo_impl/user_repo_impl.go line=35
time="2020-05-20T01:16:12.145292+07:00" level=error msg="pq: duplicate key value violates unique constraint \"users_pkey\"" file=/Users/hoangminh/Documents/Golang/backend-github-trending/repository/repo_impl/user_repo_impl.go line=35
time="2020-05-20T01:16:37.335015+07:00" level=error msg="pq: duplicate key value violates unique constraint \"users_pkey\"" file=/Users/hoangminh/Documents/Golang/backend-github-trending/repository/repo_impl/user_repo_impl.go line=35
time="2020-05-20T01:23:32.923891+07:00" level=error msg="pq: duplicate key value violates unique constraint \"users_email_key\"" file=/Users/hoangminh/Documents/Golang/backend-github-trending/repository/repo_impl/user_repo_impl.go line=35
time="2020-05-20T01:23:46.969209+07:00" level=error msg="Key: 'ReqSignUp.FullName' Error:Field validation for 'FullName' failed on the 'required' tag" file=/Users/hoangminh/Documents/Golang/backend-github-trending/handler/user_handler.go line=32
time="2020-05-20T01:34:42.439573+07:00" level=error msg="pq: duplicate key value violates unique constraint \"users_email_key\"" file=/Users/hoangminh/Documents/Golang/backend-github-trending/repository/repo_impl/user_repo_impl.go line=35
